\BOOKMARK [1][-]{section.1}{\376\377\000I\000n\000t\000r\000o\000d\000u\000c\000t\000i\000o\000n}{}% 1
\BOOKMARK [1][-]{section.2}{\376\377\000R\000e\000s\000u\000l\000t\000s}{}% 2
\BOOKMARK [2][-]{subsection.2.1}{\376\377\000I\000n\000t\000e\000r\000M\000o\000B\000A\000\040\000M\000o\000d\000e\000l}{section.2}% 3
\BOOKMARK [2][-]{subsection.2.2}{\376\377\000P\000e\000r\000f\000o\000r\000m\000a\000n\000c\000e\000\040\000o\000f\000\040\000P\000r\000o\000t\000e\000i\000n\000-\000L\000i\000g\000a\000n\000d\000\040\000D\000o\000c\000k\000i\000n\000g\000\040\000A\000c\000c\000u\000r\000a\000c\000y}{section.2}% 4
\BOOKMARK [2][-]{subsection.2.3}{\376\377\000Q\000u\000a\000n\000t\000i\000t\000a\000t\000i\000v\000e\000\040\000A\000n\000a\000l\000y\000s\000i\000s\000\040\000o\000f\000\040\000M\000o\000l\000e\000c\000u\000l\000a\000r\000\040\000I\000n\000t\000e\000r\000a\000c\000t\000i\000o\000n\000\040\000R\000e\000c\000o\000v\000e\000r\000y\000\040\000C\000a\000p\000a\000b\000i\000l\000i\000t\000y}{section.2}% 5
\BOOKMARK [2][-]{subsection.2.4}{\376\377\000C\000o\000r\000r\000e\000l\000a\000t\000i\000o\000n\000\040\000B\000e\000t\000w\000e\000e\000n\000\040\000C\000o\000n\000f\000o\000r\000m\000a\000t\000i\000o\000n\000\040\000R\000a\000n\000k\000i\000n\000g\000\040\000a\000n\000d\000\040\000S\000p\000a\000t\000i\000a\000l\000\040\000A\000c\000c\000u\000r\000a\000c\000y}{section.2}% 6
\BOOKMARK [2][-]{subsection.2.5}{\376\377\000V\000i\000s\000u\000a\000l\000i\000z\000a\000t\000i\000o\000n\000\040\000o\000f\000\040\000B\000i\000n\000d\000i\000n\000g\000\040\000M\000o\000d\000e\000s\000\040\000a\000n\000d\000\040\000A\000n\000a\000l\000y\000s\000i\000s\000\040\000o\000f\000\040\000P\000h\000y\000s\000i\000c\000a\000l\000\040\000P\000l\000a\000u\000s\000i\000b\000i\000l\000i\000t\000y}{section.2}% 7
\BOOKMARK [2][-]{subsection.2.6}{\376\377\000M\000e\000c\000h\000a\000n\000i\000s\000t\000i\000c\000\040\000I\000n\000s\000i\000g\000h\000t\000s\000\040\000a\000n\000d\000\040\000A\000d\000v\000a\000n\000t\000a\000g\000e\000s\000\040\000o\000f\000\040\000t\000h\000e\000\040\000M\000o\000d\000e\000l}{section.2}% 8
\BOOKMARK [2][-]{subsection.2.7}{\376\377\000D\000y\000n\000a\000m\000i\000c\000\040\000A\000t\000t\000e\000n\000t\000i\000o\000n\000\040\000M\000e\000c\000h\000a\000n\000i\000s\000m\000\040\000D\000e\000s\000i\000g\000n\000\040\000i\000n\000\040\000t\000h\000e\000\040\000M\000o\000B\000A\000\040\000M\000o\000d\000u\000l\000e}{section.2}% 9
\BOOKMARK [2][-]{subsection.2.8}{\376\377\000F\000e\000a\000t\000u\000r\000e\000\040\000N\000o\000r\000m\000a\000l\000i\000z\000a\000t\000i\000o\000n\000\040\000a\000n\000d\000\040\000F\000u\000s\000i\000o\000n\000\040\000S\000t\000r\000a\000t\000e\000g\000y}{section.2}% 10
\BOOKMARK [2][-]{subsection.2.9}{\376\377\000S\000o\000f\000t\000\040\000B\000i\000a\000s\000\040\000a\000n\000d\000\040\000E\000n\000h\000a\000n\000c\000e\000d\000\040\000R\000e\000g\000u\000l\000a\000r\000i\000z\000a\000t\000i\000o\000n}{section.2}% 11
\BOOKMARK [2][-]{subsection.2.10}{\376\377\000H\000i\000e\000r\000a\000r\000c\000h\000i\000c\000a\000l\000\040\000F\000e\000a\000t\000u\000r\000e\000\040\000R\000e\000p\000r\000e\000s\000e\000n\000t\000a\000t\000i\000o\000n\000\040\000a\000n\000d\000\040\000P\000r\000o\000g\000r\000e\000s\000s\000i\000v\000e\000\040\000O\000p\000t\000i\000m\000i\000z\000a\000t\000i\000o\000n}{section.2}% 12
\BOOKMARK [2][-]{subsection.2.11}{\376\377\000I\000m\000p\000r\000o\000v\000e\000m\000e\000n\000t\000\040\000i\000n\000\040\000N\000o\000d\000e\000\040\000F\000e\000a\000t\000u\000r\000e\000\040\000D\000i\000s\000t\000r\000i\000b\000u\000t\000i\000o\000n\000\040\000a\000n\000d\000\040\000C\000l\000u\000s\000t\000e\000r\000i\000n\000g}{section.2}% 13
\BOOKMARK [2][-]{subsection.2.12}{\376\377\000I\000n\000s\000e\000r\000t\000i\000o\000n\000\040\000S\000t\000r\000a\000t\000e\000g\000i\000e\000s\000\040\000o\000f\000\040\000t\000h\000e\000\040\000M\000o\000B\000A\000\040\000M\000o\000d\000u\000l\000e\000\040\000i\000n\000\040\000t\000h\000e\000\040\000I\000n\000t\000e\000r\000M\000o\000B\000A\000\040\000M\000o\000d\000e\000l}{section.2}% 14
\BOOKMARK [1][-]{section.3}{\376\377\000D\000i\000s\000c\000u\000s\000s\000i\000o\000n}{}% 15
\BOOKMARK [1][-]{section.4}{\376\377\000M\000e\000t\000h\000o\000d\000s}{}% 16
\BOOKMARK [2][-]{subsection.4.1}{\376\377\000P\000r\000e\000l\000i\000m\000i\000n\000a\000r\000y}{section.4}% 17
\BOOKMARK [3][-]{subsubsection.4.1.1}{\376\377\000G\000r\000a\000p\000h\000\040\000R\000e\000p\000r\000e\000s\000e\000n\000t\000a\000t\000i\000o\000n\000\040\000o\000f\000\040\000P\000r\000o\000t\000e\000i\000n\000-\000L\000i\000g\000a\000n\000d\000\040\000C\000o\000m\000p\000l\000e\000x\000e\000s}{subsection.4.1}% 18
\BOOKMARK [3][-]{subsubsection.4.1.2}{\376\377\000G\000r\000a\000p\000h\000\040\000T\000r\000a\000n\000s\000f\000o\000r\000m\000e\000r\000\040\000S\000t\000r\000u\000c\000t\000u\000r\000e}{subsection.4.1}% 19
\BOOKMARK [2][-]{subsection.4.2}{\376\377\000I\000n\000t\000e\000r\000M\000o\000B\000A\000\040\000A\000r\000c\000h\000i\000t\000e\000c\000t\000u\000r\000e}{section.4}% 20
\BOOKMARK [3][-]{subsubsection.4.2.1}{\376\377\000M\000a\000s\000k\000e\000d\000\040\000S\000e\000l\000f\000-\000A\000t\000t\000e\000n\000t\000i\000o\000n\000l\000e\000e\0002\0000\0001\0008\000p\000r\000e\000\040\000a\000n\000d\000\040\000B\000l\000o\000c\000k\000-\000w\000i\000s\000e\000\040\000M\000a\000s\000k\000i\000n\000g}{subsection.4.2}% 21
\BOOKMARK [3][-]{subsubsection.4.2.2}{\376\377\000I\000n\000t\000r\000a\000-\000B\000l\000o\000c\000k\000s}{subsection.4.2}% 22
\BOOKMARK [3][-]{subsubsection.4.2.3}{\376\377\000I\000n\000t\000e\000r\000-\000B\000l\000o\000c\000k\000s}{subsection.4.2}% 23
\BOOKMARK [2][-]{subsection.4.3}{\376\377\000M\000o\000B\000A\000\040\000M\000e\000c\000h\000a\000n\000i\000s\000m\000\040\000E\000x\000p\000l\000a\000n\000a\000t\000i\000o\000n}{section.4}% 24
\BOOKMARK [3][-]{subsubsection.4.3.1}{\376\377\000F\000e\000a\000t\000u\000r\000e\000\040\000F\000u\000s\000i\000o\000n\000\040\000a\000n\000d\000\040\000I\000m\000p\000o\000r\000t\000a\000n\000c\000e\000\040\000E\000v\000a\000l\000u\000a\000t\000i\000o\000n}{subsection.4.3}% 25
\BOOKMARK [3][-]{subsubsection.4.3.2}{\376\377\000C\000h\000u\000n\000k\000\040\000S\000t\000r\000a\000t\000e\000g\000y\000\040\000\050\000D\000y\000n\000a\000m\000i\000c\000\040\000P\000a\000r\000t\000i\000t\000i\000o\000n\000i\000n\000g\000\051}{subsection.4.3}% 26
\BOOKMARK [3][-]{subsubsection.4.3.3}{\376\377\000T\000o\000p\000-\000K\000\040\000S\000t\000r\000a\000t\000e\000g\000y\000\040\000\050\000K\000e\000y\000\040\000R\000e\000g\000i\000o\000n\000\040\000S\000e\000l\000e\000c\000t\000i\000o\000n\000\051}{subsection.4.3}% 27
\BOOKMARK [2][-]{subsection.4.4}{\376\377\000E\000d\000g\000e\000\040\000O\000u\000t\000p\000u\000t\000\040\000a\000n\000d\000\040\000E\000n\000e\000r\000g\000y\000\040\000P\000r\000e\000d\000i\000c\000t\000i\000o\000n}{section.4}% 28
\BOOKMARK [3][-]{subsubsection.4.4.1}{\376\377\000P\000r\000o\000t\000e\000i\000n\000-\000L\000i\000g\000a\000n\000d\000\040\000E\000n\000e\000r\000g\000y\000\040\000P\000r\000e\000d\000i\000c\000t\000i\000o\000n}{subsection.4.4}% 29
\BOOKMARK [2][-]{subsection.4.5}{\376\377\000T\000r\000a\000i\000n\000i\000n\000g\000\040\000O\000b\000j\000e\000c\000t\000i\000v\000e\000\040\000a\000n\000d\000\040\000L\000o\000s\000s\000\040\000F\000u\000n\000c\000t\000i\000o\000n}{section.4}% 30
\BOOKMARK [3][-]{subsubsection.4.5.1}{\376\377\000I\000n\000t\000e\000r\000a\000c\000t\000i\000o\000n\000-\000a\000w\000a\000r\000e\000\040\000M\000i\000x\000t\000u\000r\000e\000\040\000D\000e\000n\000s\000i\000t\000y\000\040\000N\000e\000t\000w\000o\000r\000k\000\040\000\050\000M\000D\000N\000\051\000b\000i\000s\000h\000o\000p\0001\0009\0009\0004\000m\000i\000x\000t\000u\000r\000e}{subsection.4.5}% 31
\BOOKMARK [1][-]{section*.1}{\376\377\000R\000e\000f\000e\000r\000e\000n\000c\000e\000s}{}% 32
